{"D:\\Code\\KY\\frontend\\src\\components\\ConfigurableElement.tsx": {"path":"D:\\Code\\KY\\frontend\\src\\components\\ConfigurableElement.tsx","statementMap":{"0":{"start":{"line":23,"column":10},"end":{"line":23,"column":44}},"1":{"start":{"line":24,"column":17},"end":{"line":24,"column":75}},"2":{"start":{"line":25,"column":20},"end":{"line":25,"column":50}},"3":{"start":{"line":26,"column":8},"end":{"line":26,"column":46}},"4":{"start":{"line":29,"column":2},"end":{"line":40,"column":null}},"5":{"start":{"line":33,"column":24},"end":{"line":38,"column":null}},"6":{"start":{"line":34,"column":26},"end":{"line":34,"column":null}},"7":{"start":{"line":35,"column":8},"end":{"line":36,"column":null}},"8":{"start":{"line":36,"column":12},"end":{"line":36,"column":null}},"9":{"start":{"line":39,"column":4},"end":{"line":39,"column":null}},"10":{"start":{"line":39,"column":17},"end":{"line":39,"column":30}},"11":{"start":{"line":43,"column":2},"end":{"line":48,"column":null}},"12":{"start":{"line":44,"column":20},"end":{"line":44,"column":null}},"13":{"start":{"line":45,"column":4},"end":{"line":46,"column":null}},"14":{"start":{"line":46,"column":8},"end":{"line":46,"column":null}},"15":{"start":{"line":51,"column":2},"end":{"line":63,"column":null}},"16":{"start":{"line":52,"column":10},"end":{"line":56,"column":null}},"17":{"start":{"line":53,"column":6},"end":{"line":56,"column":null}},"18":{"start":{"line":54,"column":8},"end":{"line":54,"column":null}},"19":{"start":{"line":56,"column":8},"end":{"line":56,"column":null}},"20":{"start":{"line":60,"column":4},"end":{"line":60,"column":null}},"21":{"start":{"line":61,"column":4},"end":{"line":61,"column":null}},"22":{"start":{"line":62,"column":4},"end":{"line":62,"column":null}},"23":{"start":{"line":62,"column":17},"end":{"line":62,"column":67}},"24":{"start":{"line":66,"column":2},"end":{"line":74,"column":null}},"25":{"start":{"line":67,"column":4},"end":{"line":71,"column":null}},"26":{"start":{"line":69,"column":17},"end":{"line":69,"column":null}},"27":{"start":{"line":70,"column":6},"end":{"line":71,"column":null}},"28":{"start":{"line":71,"column":8},"end":{"line":71,"column":null}},"29":{"start":{"line":77,"column":23},"end":{"line":77,"column":91}},"30":{"start":{"line":79,"column":2},"end":{"line":95,"column":null}},"31":{"start":{"line":80,"column":4},"end":{"line":93,"column":null}},"32":{"start":{"line":81,"column":6},"end":{"line":81,"column":null}},"33":{"start":{"line":82,"column":15},"end":{"line":93,"column":null}},"34":{"start":{"line":84,"column":25},"end":{"line":89,"column":null}},"35":{"start":{"line":85,"column":12},"end":{"line":87,"column":null}},"36":{"start":{"line":86,"column":16},"end":{"line":86,"column":null}},"37":{"start":{"line":87,"column":16},"end":{"line":87,"column":null}},"38":{"start":{"line":90,"column":8},"end":{"line":91,"column":null}},"39":{"start":{"line":91,"column":12},"end":{"line":91,"column":null}},"40":{"start":{"line":93,"column":8},"end":{"line":93,"column":null}},"41":{"start":{"line":93,"column":21},"end":{"line":93,"column":42}},"42":{"start":{"line":99,"column":37},"end":{"line":117,"column":null}},"43":{"start":{"line":120,"column":19},"end":{"line":133,"column":null}},"44":{"start":{"line":135,"column":2},"end":{"line":140,"column":null}},"45":{"start":{"line":136,"column":6},"end":{"line":136,"column":null}},"46":{"start":{"line":137,"column":13},"end":{"line":140,"column":null}},"47":{"start":{"line":138,"column":6},"end":{"line":138,"column":null}},"48":{"start":{"line":139,"column":13},"end":{"line":140,"column":null}},"49":{"start":{"line":140,"column":6},"end":{"line":140,"column":null}},"50":{"start":{"line":143,"column":14},"end":{"line":143,"column":null}},"51":{"start":{"line":145,"column":2},"end":{"line":146,"column":null}},"52":{"start":{"line":146,"column":6},"end":{"line":146,"column":null}},"53":{"start":{"line":149,"column":2},"end":{"line":149,"column":null}},"54":{"start":{"line":149,"column":18},"end":{"line":149,"column":null}},"55":{"start":{"line":151,"column":2},"end":{"line":163,"column":null}}},"fnMap":{"0":{"name":"ConfigurableElement","decl":{"start":{"line":16,"column":16},"end":{"line":16,"column":36}},"loc":{"start":{"line":22,"column":29},"end":{"line":163,"column":null}},"line":22},"1":{"name":"(anonymous_1)","decl":{"start":{"line":29,"column":2},"end":{"line":29,"column":18}},"loc":{"start":{"line":29,"column":18},"end":{"line":40,"column":6}},"line":29},"2":{"name":"(anonymous_2)","decl":{"start":{"line":33,"column":43},"end":{"line":33,"column":54}},"loc":{"start":{"line":33,"column":64},"end":{"line":38,"column":null}},"line":33},"3":{"name":"(anonymous_3)","decl":{"start":{"line":39,"column":4},"end":{"line":39,"column":17}},"loc":{"start":{"line":39,"column":17},"end":{"line":39,"column":30}},"line":39},"4":{"name":"(anonymous_4)","decl":{"start":{"line":43,"column":2},"end":{"line":43,"column":18}},"loc":{"start":{"line":43,"column":18},"end":{"line":48,"column":6}},"line":43},"5":{"name":"(anonymous_5)","decl":{"start":{"line":51,"column":2},"end":{"line":51,"column":18}},"loc":{"start":{"line":51,"column":18},"end":{"line":63,"column":6}},"line":51},"6":{"name":"(anonymous_6)","decl":{"start":{"line":52,"column":10},"end":{"line":52,"column":31}},"loc":{"start":{"line":52,"column":31},"end":{"line":56,"column":null}},"line":52},"7":{"name":"(anonymous_7)","decl":{"start":{"line":62,"column":4},"end":{"line":62,"column":17}},"loc":{"start":{"line":62,"column":17},"end":{"line":62,"column":67}},"line":62},"8":{"name":"(anonymous_8)","decl":{"start":{"line":66,"column":2},"end":{"line":66,"column":18}},"loc":{"start":{"line":66,"column":18},"end":{"line":74,"column":6}},"line":66},"9":{"name":"(anonymous_9)","decl":{"start":{"line":79,"column":2},"end":{"line":79,"column":18}},"loc":{"start":{"line":79,"column":18},"end":{"line":95,"column":6}},"line":79},"10":{"name":"(anonymous_10)","decl":{"start":{"line":84,"column":29},"end":{"line":84,"column":51}},"loc":{"start":{"line":84,"column":63},"end":{"line":89,"column":null}},"line":84},"11":{"name":"(anonymous_11)","decl":{"start":{"line":93,"column":8},"end":{"line":93,"column":21}},"loc":{"start":{"line":93,"column":21},"end":{"line":93,"column":42}},"line":93}},"branchMap":{"0":{"loc":{"start":{"line":18,"column":2},"end":{"line":18,"column":null}},"type":"default-arg","locations":[{"start":{"line":18,"column":7},"end":{"line":18,"column":null}}],"line":18},"1":{"loc":{"start":{"line":35,"column":8},"end":{"line":36,"column":null}},"type":"if","locations":[{"start":{"line":35,"column":8},"end":{"line":36,"column":null}},{"start":{},"end":{}}],"line":35},"2":{"loc":{"start":{"line":45,"column":4},"end":{"line":46,"column":null}},"type":"if","locations":[{"start":{"line":45,"column":4},"end":{"line":46,"column":null}},{"start":{},"end":{}}],"line":45},"3":{"loc":{"start":{"line":45,"column":8},"end":{"line":45,"column":35}},"type":"binary-expr","locations":[{"start":{"line":45,"column":8},"end":{"line":45,"column":20}},{"start":{"line":45,"column":20},"end":{"line":45,"column":35}}],"line":45},"4":{"loc":{"start":{"line":53,"column":6},"end":{"line":56,"column":null}},"type":"if","locations":[{"start":{"line":53,"column":6},"end":{"line":56,"column":null}},{"start":{"line":55,"column":13},"end":{"line":56,"column":null}}],"line":53},"5":{"loc":{"start":{"line":67,"column":4},"end":{"line":71,"column":null}},"type":"if","locations":[{"start":{"line":67,"column":4},"end":{"line":71,"column":null}},{"start":{},"end":{}}],"line":67},"6":{"loc":{"start":{"line":67,"column":8},"end":{"line":67,"column":72}},"type":"binary-expr","locations":[{"start":{"line":67,"column":8},"end":{"line":67,"column":41}},{"start":{"line":67,"column":41},"end":{"line":67,"column":72}}],"line":67},"7":{"loc":{"start":{"line":70,"column":6},"end":{"line":71,"column":null}},"type":"if","locations":[{"start":{"line":70,"column":6},"end":{"line":71,"column":null}},{"start":{},"end":{}}],"line":70},"8":{"loc":{"start":{"line":80,"column":4},"end":{"line":93,"column":null}},"type":"if","locations":[{"start":{"line":80,"column":4},"end":{"line":93,"column":null}},{"start":{"line":82,"column":15},"end":{"line":93,"column":null}}],"line":80},"9":{"loc":{"start":{"line":82,"column":15},"end":{"line":93,"column":null}},"type":"if","locations":[{"start":{"line":82,"column":15},"end":{"line":93,"column":null}},{"start":{},"end":{}}],"line":82},"10":{"loc":{"start":{"line":82,"column":15},"end":{"line":82,"column":93}},"type":"binary-expr","locations":[{"start":{"line":82,"column":15},"end":{"line":82,"column":53}},{"start":{"line":82,"column":53},"end":{"line":82,"column":93}}],"line":82},"11":{"loc":{"start":{"line":85,"column":12},"end":{"line":87,"column":null}},"type":"if","locations":[{"start":{"line":85,"column":12},"end":{"line":87,"column":null}},{"start":{},"end":{}}],"line":85},"12":{"loc":{"start":{"line":90,"column":8},"end":{"line":91,"column":null}},"type":"if","locations":[{"start":{"line":90,"column":8},"end":{"line":91,"column":null}},{"start":{},"end":{}}],"line":90},"13":{"loc":{"start":{"line":103,"column":21},"end":{"line":103,"column":null}},"type":"cond-expr","locations":[{"start":{"line":103,"column":37},"end":{"line":103,"column":53}},{"start":{"line":103,"column":53},"end":{"line":103,"column":null}}],"line":103},"14":{"loc":{"start":{"line":104,"column":11},"end":{"line":104,"column":null}},"type":"cond-expr","locations":[{"start":{"line":104,"column":27},"end":{"line":104,"column":58}},{"start":{"line":104,"column":58},"end":{"line":104,"column":null}}],"line":104},"15":{"loc":{"start":{"line":108,"column":15},"end":{"line":110,"column":null}},"type":"cond-expr","locations":[{"start":{"line":109,"column":10},"end":{"line":109,"column":null}},{"start":{"line":110,"column":10},"end":{"line":110,"column":null}}],"line":108},"16":{"loc":{"start":{"line":111,"column":11},"end":{"line":111,"column":null}},"type":"cond-expr","locations":[{"start":{"line":111,"column":48},"end":{"line":111,"column":57}},{"start":{"line":111,"column":57},"end":{"line":111,"column":null}}],"line":111},"17":{"loc":{"start":{"line":112,"column":12},"end":{"line":112,"column":null}},"type":"cond-expr","locations":[{"start":{"line":112,"column":50},"end":{"line":112,"column":59}},{"start":{"line":112,"column":59},"end":{"line":112,"column":null}}],"line":112},"18":{"loc":{"start":{"line":135,"column":2},"end":{"line":140,"column":null}},"type":"if","locations":[{"start":{"line":135,"column":2},"end":{"line":140,"column":null}},{"start":{"line":137,"column":13},"end":{"line":140,"column":null}}],"line":135},"19":{"loc":{"start":{"line":137,"column":13},"end":{"line":140,"column":null}},"type":"if","locations":[{"start":{"line":137,"column":13},"end":{"line":140,"column":null}},{"start":{"line":139,"column":13},"end":{"line":140,"column":null}}],"line":137},"20":{"loc":{"start":{"line":139,"column":13},"end":{"line":140,"column":null}},"type":"if","locations":[{"start":{"line":139,"column":13},"end":{"line":140,"column":null}},{"start":{},"end":{}}],"line":139},"21":{"loc":{"start":{"line":143,"column":14},"end":{"line":143,"column":null}},"type":"binary-expr","locations":[{"start":{"line":143,"column":14},"end":{"line":143,"column":28}},{"start":{"line":143,"column":28},"end":{"line":143,"column":null}}],"line":143},"22":{"loc":{"start":{"line":145,"column":2},"end":{"line":146,"column":null}},"type":"if","locations":[{"start":{"line":145,"column":2},"end":{"line":146,"column":null}},{"start":{},"end":{}}],"line":145},"23":{"loc":{"start":{"line":145,"column":6},"end":{"line":145,"column":64}},"type":"binary-expr","locations":[{"start":{"line":145,"column":6},"end":{"line":145,"column":23}},{"start":{"line":145,"column":23},"end":{"line":145,"column":64}}],"line":145},"24":{"loc":{"start":{"line":149,"column":2},"end":{"line":149,"column":null}},"type":"if","locations":[{"start":{"line":149,"column":2},"end":{"line":149,"column":null}},{"start":{},"end":{}}],"line":149},"25":{"loc":{"start":{"line":157,"column":15},"end":{"line":157,"column":null}},"type":"cond-expr","locations":[{"start":{"line":157,"column":59},"end":{"line":157,"column":70}},{"start":{"line":157,"column":70},"end":{"line":157,"column":null}}],"line":157}},"s":{"0":17,"1":17,"2":17,"3":17,"4":17,"5":10,"6":2,"7":2,"8":2,"9":10,"10":10,"11":17,"12":10,"13":10,"14":1,"15":17,"16":12,"17":13,"18":2,"19":11,"20":12,"21":12,"22":12,"23":12,"24":17,"25":10,"26":1,"27":1,"28":1,"29":17,"30":17,"31":10,"32":9,"33":1,"34":1,"35":1,"36":1,"37":1,"38":1,"39":1,"40":1,"41":1,"42":17,"43":17,"44":17,"45":1,"46":16,"47":1,"48":15,"49":1,"50":17,"51":17,"52":1,"53":16,"54":1,"55":15},"f":{"0":17,"1":10,"2":2,"3":10,"4":10,"5":12,"6":13,"7":12,"8":10,"9":10,"10":1,"11":1},"b":{"0":[17],"1":[2,0],"2":[1,9],"3":[10,4],"4":[2,11],"5":[1,9],"6":[10,1],"7":[1,0],"8":[9,1],"9":[1,0],"10":[1,0],"11":[1,0],"12":[1,0],"13":[1,16],"14":[1,16],"15":[0,17],"16":[17,0],"17":[17,0],"18":[1,16],"19":[1,15],"20":[1,14],"21":[17,0],"22":[1,16],"23":[17,1],"24":[1,15],"25":[3,12]},"meta":{"lastBranch":26,"lastFunction":12,"lastStatement":56,"seen":{"f:16:16:16:36":0,"b:18:7:18:Infinity":0,"s:23:10:23:44":0,"s:24:17:24:75":1,"s:25:20:25:50":2,"s:26:8:26:46":3,"s:29:2:40:Infinity":4,"f:29:2:29:18":1,"s:33:24:38:Infinity":5,"f:33:43:33:54":2,"s:34:26:34:Infinity":6,"b:35:8:36:Infinity:undefined:undefined:undefined:undefined":1,"s:35:8:36:Infinity":7,"s:36:12:36:Infinity":8,"s:39:4:39:Infinity":9,"f:39:4:39:17":3,"s:39:17:39:30":10,"s:43:2:48:Infinity":11,"f:43:2:43:18":4,"s:44:20:44:Infinity":12,"b:45:4:46:Infinity:undefined:undefined:undefined:undefined":2,"s:45:4:46:Infinity":13,"b:45:8:45:20:45:20:45:35":3,"s:46:8:46:Infinity":14,"s:51:2:63:Infinity":15,"f:51:2:51:18":5,"s:52:10:56:Infinity":16,"f:52:10:52:31":6,"b:53:6:56:Infinity:55:13:56:Infinity":4,"s:53:6:56:Infinity":17,"s:54:8:54:Infinity":18,"s:56:8:56:Infinity":19,"s:60:4:60:Infinity":20,"s:61:4:61:Infinity":21,"s:62:4:62:Infinity":22,"f:62:4:62:17":7,"s:62:17:62:67":23,"s:66:2:74:Infinity":24,"f:66:2:66:18":8,"b:67:4:71:Infinity:undefined:undefined:undefined:undefined":5,"s:67:4:71:Infinity":25,"b:67:8:67:41:67:41:67:72":6,"s:69:17:69:Infinity":26,"b:70:6:71:Infinity:undefined:undefined:undefined:undefined":7,"s:70:6:71:Infinity":27,"s:71:8:71:Infinity":28,"s:77:23:77:91":29,"s:79:2:95:Infinity":30,"f:79:2:79:18":9,"b:80:4:93:Infinity:82:15:93:Infinity":8,"s:80:4:93:Infinity":31,"s:81:6:81:Infinity":32,"b:82:15:93:Infinity:undefined:undefined:undefined:undefined":9,"s:82:15:93:Infinity":33,"b:82:15:82:53:82:53:82:93":10,"s:84:25:89:Infinity":34,"f:84:29:84:51":10,"b:85:12:87:Infinity:undefined:undefined:undefined:undefined":11,"s:85:12:87:Infinity":35,"s:86:16:86:Infinity":36,"s:87:16:87:Infinity":37,"b:90:8:91:Infinity:undefined:undefined:undefined:undefined":12,"s:90:8:91:Infinity":38,"s:91:12:91:Infinity":39,"s:93:8:93:Infinity":40,"f:93:8:93:21":11,"s:93:21:93:42":41,"s:99:37:117:Infinity":42,"b:103:37:103:53:103:53:103:Infinity":13,"b:104:27:104:58:104:58:104:Infinity":14,"b:109:10:109:Infinity:110:10:110:Infinity":15,"b:111:48:111:57:111:57:111:Infinity":16,"b:112:50:112:59:112:59:112:Infinity":17,"s:120:19:133:Infinity":43,"b:135:2:140:Infinity:137:13:140:Infinity":18,"s:135:2:140:Infinity":44,"s:136:6:136:Infinity":45,"b:137:13:140:Infinity:139:13:140:Infinity":19,"s:137:13:140:Infinity":46,"s:138:6:138:Infinity":47,"b:139:13:140:Infinity:undefined:undefined:undefined:undefined":20,"s:139:13:140:Infinity":48,"s:140:6:140:Infinity":49,"s:143:14:143:Infinity":50,"b:143:14:143:28:143:28:143:Infinity":21,"b:145:2:146:Infinity:undefined:undefined:undefined:undefined":22,"s:145:2:146:Infinity":51,"b:145:6:145:23:145:23:145:64":23,"s:146:6:146:Infinity":52,"b:149:2:149:Infinity:undefined:undefined:undefined:undefined":24,"s:149:2:149:Infinity":53,"s:149:18:149:Infinity":54,"s:151:2:163:Infinity":55,"b:157:59:157:70:157:70:157:Infinity":25}}}
,"D:\\Code\\KY\\frontend\\src\\components\\SidebarSettings.tsx": {"path":"D:\\Code\\KY\\frontend\\src\\components\\SidebarSettings.tsx","statementMap":{"0":{"start":{"line":12,"column":12},"end":{"line":12,"column":34}},"1":{"start":{"line":13,"column":19},"end":{"line":13,"column":47}},"2":{"start":{"line":18,"column":8},"end":{"line":19,"column":30}},"3":{"start":{"line":21,"column":37},"end":{"line":21,"column":68}},"4":{"start":{"line":23,"column":4},"end":{"line":76,"column":null}},"5":{"start":{"line":40,"column":24},"end":{"line":56,"column":null}},"6":{"start":{"line":42,"column":43},"end":{"line":42,"column":57}}},"fnMap":{"0":{"name":"SidebarSettings","decl":{"start":{"line":11,"column":16},"end":{"line":11,"column":34}},"loc":{"start":{"line":11,"column":34},"end":{"line":76,"column":null}},"line":11},"1":{"name":"(anonymous_1)","decl":{"start":{"line":39,"column":60},"end":{"line":39,"column":65}},"loc":{"start":{"line":40,"column":24},"end":{"line":56,"column":null}},"line":40},"2":{"name":"(anonymous_2)","decl":{"start":{"line":42,"column":28},"end":{"line":42,"column":43}},"loc":{"start":{"line":42,"column":43},"end":{"line":42,"column":57}},"line":42}},"branchMap":{"0":{"loc":{"start":{"line":45,"column":34},"end":{"line":47,"column":null}},"type":"cond-expr","locations":[{"start":{"line":46,"column":38},"end":{"line":46,"column":null}},{"start":{"line":47,"column":38},"end":{"line":47,"column":null}}],"line":45},"1":{"loc":{"start":{"line":52,"column":29},"end":{"line":52,"column":null}},"type":"binary-expr","locations":[{"start":{"line":52,"column":29},"end":{"line":52,"column":49}},{"start":{"line":52,"column":49},"end":{"line":52,"column":null}}],"line":52},"2":{"loc":{"start":{"line":53,"column":29},"end":{"line":53,"column":null}},"type":"binary-expr","locations":[{"start":{"line":53,"column":29},"end":{"line":53,"column":48}},{"start":{"line":53,"column":48},"end":{"line":53,"column":null}}],"line":53},"3":{"loc":{"start":{"line":54,"column":29},"end":{"line":54,"column":null}},"type":"binary-expr","locations":[{"start":{"line":54,"column":29},"end":{"line":54,"column":50}},{"start":{"line":54,"column":50},"end":{"line":54,"column":null}}],"line":54}},"s":{"0":5,"1":5,"2":5,"3":5,"4":5,"5":15,"6":2},"f":{"0":5,"1":15,"2":2},"b":{"0":[5,10],"1":[15,5],"2":[15,5],"3":[15,5]},"meta":{"lastBranch":4,"lastFunction":3,"lastStatement":7,"seen":{"f:11:16:11:34":0,"s:12:12:12:34":0,"s:13:19:13:47":1,"s:18:8:19:30":2,"s:21:37:21:68":3,"s:23:4:76:Infinity":4,"f:39:60:39:65":1,"s:40:24:56:Infinity":5,"f:42:28:42:43":2,"s:42:43:42:57":6,"b:46:38:46:Infinity:47:38:47:Infinity":0,"b:52:29:52:49:52:49:52:Infinity":1,"b:53:29:53:48:53:48:53:Infinity":2,"b:54:29:54:50:54:50:54:Infinity":3}}}
,"D:\\Code\\KY\\frontend\\src\\components\\settings\\ElementSettings.tsx": {"path":"D:\\Code\\KY\\frontend\\src\\components\\settings\\ElementSettings.tsx","statementMap":{"0":{"start":{"line":17,"column":37},"end":{"line":17,"column":73}},"1":{"start":{"line":18,"column":19},"end":{"line":18,"column":77}},"2":{"start":{"line":19,"column":22},"end":{"line":19,"column":87}},"3":{"start":{"line":21,"column":4},"end":{"line":23,"column":null}},"4":{"start":{"line":22,"column":8},"end":{"line":22,"column":null}},"5":{"start":{"line":25,"column":10},"end":{"line":57,"column":null}},"6":{"start":{"line":26,"column":14},"end":{"line":26,"column":43}},"7":{"start":{"line":27,"column":8},"end":{"line":53,"column":null}},"8":{"start":{"line":29,"column":12},"end":{"line":38,"column":null}},"9":{"start":{"line":31,"column":16},"end":{"line":31,"column":null}},"10":{"start":{"line":32,"column":23},"end":{"line":38,"column":null}},"11":{"start":{"line":33,"column":16},"end":{"line":33,"column":null}},"12":{"start":{"line":34,"column":23},"end":{"line":38,"column":null}},"13":{"start":{"line":35,"column":16},"end":{"line":35,"column":null}},"14":{"start":{"line":38,"column":16},"end":{"line":38,"column":null}},"15":{"start":{"line":40,"column":19},"end":{"line":53,"column":null}},"16":{"start":{"line":42,"column":12},"end":{"line":53,"column":null}},"17":{"start":{"line":44,"column":16},"end":{"line":44,"column":null}},"18":{"start":{"line":45,"column":23},"end":{"line":53,"column":null}},"19":{"start":{"line":46,"column":16},"end":{"line":46,"column":null}},"20":{"start":{"line":47,"column":23},"end":{"line":53,"column":null}},"21":{"start":{"line":48,"column":16},"end":{"line":48,"column":null}},"22":{"start":{"line":49,"column":23},"end":{"line":53,"column":null}},"23":{"start":{"line":50,"column":16},"end":{"line":50,"column":null}},"24":{"start":{"line":53,"column":16},"end":{"line":53,"column":null}},"25":{"start":{"line":57,"column":8},"end":{"line":57,"column":null}},"26":{"start":{"line":60,"column":10},"end":{"line":73,"column":null}},"27":{"start":{"line":62,"column":8},"end":{"line":64,"column":null}},"28":{"start":{"line":63,"column":12},"end":{"line":63,"column":null}},"29":{"start":{"line":64,"column":12},"end":{"line":64,"column":null}},"30":{"start":{"line":66,"column":8},"end":{"line":68,"column":null}},"31":{"start":{"line":67,"column":12},"end":{"line":67,"column":null}},"32":{"start":{"line":68,"column":12},"end":{"line":68,"column":null}},"33":{"start":{"line":71,"column":8},"end":{"line":71,"column":null}},"34":{"start":{"line":72,"column":8},"end":{"line":72,"column":null}},"35":{"start":{"line":73,"column":8},"end":{"line":73,"column":null}},"36":{"start":{"line":76,"column":10},"end":{"line":79,"column":null}},"37":{"start":{"line":77,"column":8},"end":{"line":77,"column":null}},"38":{"start":{"line":78,"column":8},"end":{"line":78,"column":null}},"39":{"start":{"line":79,"column":8},"end":{"line":79,"column":null}},"40":{"start":{"line":82,"column":23},"end":{"line":82,"column":null}},"41":{"start":{"line":83,"column":23},"end":{"line":83,"column":null}},"42":{"start":{"line":85,"column":4},"end":{"line":309,"column":null}},"43":{"start":{"line":112,"column":43},"end":{"line":112,"column":69}},"44":{"start":{"line":118,"column":43},"end":{"line":118,"column":67}},"45":{"start":{"line":133,"column":61},"end":{"line":133,"column":117}},"46":{"start":{"line":140,"column":61},"end":{"line":140,"column":117}},"47":{"start":{"line":153,"column":57},"end":{"line":153,"column":123}},"48":{"start":{"line":166,"column":57},"end":{"line":166,"column":118}},"49":{"start":{"line":178,"column":61},"end":{"line":178,"column":130}},"50":{"start":{"line":191,"column":57},"end":{"line":191,"column":108}},"51":{"start":{"line":201,"column":57},"end":{"line":201,"column":109}},"52":{"start":{"line":212,"column":150},"end":{"line":212,"column":199}},"53":{"start":{"line":213,"column":152},"end":{"line":213,"column":203}},"54":{"start":{"line":214,"column":153},"end":{"line":214,"column":205}},"55":{"start":{"line":215,"column":151},"end":{"line":215,"column":201}},"56":{"start":{"line":228,"column":53},"end":{"line":228,"column":110}},"57":{"start":{"line":243,"column":57},"end":{"line":243,"column":109}},"58":{"start":{"line":256,"column":57},"end":{"line":256,"column":111}},"59":{"start":{"line":263,"column":57},"end":{"line":263,"column":117}},"60":{"start":{"line":278,"column":53},"end":{"line":278,"column":104}},"61":{"start":{"line":290,"column":53},"end":{"line":290,"column":110}},"62":{"start":{"line":315,"column":39},"end":{"line":331,"column":null}},"63":{"start":{"line":333,"column":4},"end":{"line":335,"column":null}},"64":{"start":{"line":334,"column":8},"end":{"line":334,"column":null}},"65":{"start":{"line":335,"column":8},"end":{"line":335,"column":null}},"66":{"start":{"line":338,"column":4},"end":{"line":344,"column":null}}},"fnMap":{"0":{"name":"ElementSettings","decl":{"start":{"line":16,"column":16},"end":{"line":16,"column":32}},"loc":{"start":{"line":16,"column":81},"end":{"line":309,"column":null}},"line":16},"1":{"name":"(anonymous_1)","decl":{"start":{"line":21,"column":4},"end":{"line":21,"column":20}},"loc":{"start":{"line":21,"column":20},"end":{"line":23,"column":8}},"line":21},"2":{"name":"(anonymous_2)","decl":{"start":{"line":25,"column":10},"end":{"line":25,"column":26}},"loc":{"start":{"line":25,"column":84},"end":{"line":57,"column":null}},"line":25},"3":{"name":"(anonymous_3)","decl":{"start":{"line":60,"column":10},"end":{"line":60,"column":29}},"loc":{"start":{"line":60,"column":29},"end":{"line":73,"column":null}},"line":60},"4":{"name":"(anonymous_4)","decl":{"start":{"line":76,"column":10},"end":{"line":76,"column":30}},"loc":{"start":{"line":76,"column":30},"end":{"line":79,"column":null}},"line":76},"5":{"name":"(anonymous_5)","decl":{"start":{"line":112,"column":28},"end":{"line":112,"column":43}},"loc":{"start":{"line":112,"column":43},"end":{"line":112,"column":69}},"line":112},"6":{"name":"(anonymous_6)","decl":{"start":{"line":118,"column":28},"end":{"line":118,"column":43}},"loc":{"start":{"line":118,"column":43},"end":{"line":118,"column":67}},"line":118},"7":{"name":"(anonymous_7)","decl":{"start":{"line":133,"column":44},"end":{"line":133,"column":55}},"loc":{"start":{"line":133,"column":61},"end":{"line":133,"column":117}},"line":133},"8":{"name":"(anonymous_8)","decl":{"start":{"line":140,"column":44},"end":{"line":140,"column":55}},"loc":{"start":{"line":140,"column":61},"end":{"line":140,"column":117}},"line":140},"9":{"name":"(anonymous_9)","decl":{"start":{"line":153,"column":40},"end":{"line":153,"column":51}},"loc":{"start":{"line":153,"column":57},"end":{"line":153,"column":123}},"line":153},"10":{"name":"(anonymous_10)","decl":{"start":{"line":166,"column":40},"end":{"line":166,"column":51}},"loc":{"start":{"line":166,"column":57},"end":{"line":166,"column":118}},"line":166},"11":{"name":"(anonymous_11)","decl":{"start":{"line":178,"column":44},"end":{"line":178,"column":55}},"loc":{"start":{"line":178,"column":61},"end":{"line":178,"column":130}},"line":178},"12":{"name":"(anonymous_12)","decl":{"start":{"line":191,"column":40},"end":{"line":191,"column":51}},"loc":{"start":{"line":191,"column":57},"end":{"line":191,"column":108}},"line":191},"13":{"name":"(anonymous_13)","decl":{"start":{"line":201,"column":40},"end":{"line":201,"column":51}},"loc":{"start":{"line":201,"column":57},"end":{"line":201,"column":109}},"line":201},"14":{"name":"(anonymous_14)","decl":{"start":{"line":212,"column":133},"end":{"line":212,"column":144}},"loc":{"start":{"line":212,"column":150},"end":{"line":212,"column":199}},"line":212},"15":{"name":"(anonymous_15)","decl":{"start":{"line":213,"column":135},"end":{"line":213,"column":146}},"loc":{"start":{"line":213,"column":152},"end":{"line":213,"column":203}},"line":213},"16":{"name":"(anonymous_16)","decl":{"start":{"line":214,"column":136},"end":{"line":214,"column":147}},"loc":{"start":{"line":214,"column":153},"end":{"line":214,"column":205}},"line":214},"17":{"name":"(anonymous_17)","decl":{"start":{"line":215,"column":134},"end":{"line":215,"column":145}},"loc":{"start":{"line":215,"column":151},"end":{"line":215,"column":201}},"line":215},"18":{"name":"(anonymous_18)","decl":{"start":{"line":228,"column":36},"end":{"line":228,"column":47}},"loc":{"start":{"line":228,"column":53},"end":{"line":228,"column":110}},"line":228},"19":{"name":"(anonymous_19)","decl":{"start":{"line":243,"column":40},"end":{"line":243,"column":51}},"loc":{"start":{"line":243,"column":57},"end":{"line":243,"column":109}},"line":243},"20":{"name":"(anonymous_20)","decl":{"start":{"line":256,"column":40},"end":{"line":256,"column":51}},"loc":{"start":{"line":256,"column":57},"end":{"line":256,"column":111}},"line":256},"21":{"name":"(anonymous_21)","decl":{"start":{"line":263,"column":40},"end":{"line":263,"column":51}},"loc":{"start":{"line":263,"column":57},"end":{"line":263,"column":117}},"line":263},"22":{"name":"(anonymous_22)","decl":{"start":{"line":278,"column":36},"end":{"line":278,"column":47}},"loc":{"start":{"line":278,"column":53},"end":{"line":278,"column":104}},"line":278},"23":{"name":"(anonymous_23)","decl":{"start":{"line":290,"column":36},"end":{"line":290,"column":47}},"loc":{"start":{"line":290,"column":53},"end":{"line":290,"column":110}},"line":290},"24":{"name":"PreviewElement","decl":{"start":{"line":314,"column":9},"end":{"line":314,"column":24}},"loc":{"start":{"line":314,"column":89},"end":{"line":344,"column":null}},"line":314}},"branchMap":{"0":{"loc":{"start":{"line":27,"column":8},"end":{"line":53,"column":null}},"type":"if","locations":[{"start":{"line":27,"column":8},"end":{"line":53,"column":null}},{"start":{"line":40,"column":19},"end":{"line":53,"column":null}}],"line":27},"1":{"loc":{"start":{"line":29,"column":12},"end":{"line":38,"column":null}},"type":"if","locations":[{"start":{"line":29,"column":12},"end":{"line":38,"column":null}},{"start":{"line":32,"column":23},"end":{"line":38,"column":null}}],"line":29},"2":{"loc":{"start":{"line":32,"column":23},"end":{"line":38,"column":null}},"type":"if","locations":[{"start":{"line":32,"column":23},"end":{"line":38,"column":null}},{"start":{"line":34,"column":23},"end":{"line":38,"column":null}}],"line":32},"3":{"loc":{"start":{"line":34,"column":23},"end":{"line":38,"column":null}},"type":"if","locations":[{"start":{"line":34,"column":23},"end":{"line":38,"column":null}},{"start":{"line":36,"column":19},"end":{"line":38,"column":null}}],"line":34},"4":{"loc":{"start":{"line":40,"column":19},"end":{"line":53,"column":null}},"type":"if","locations":[{"start":{"line":40,"column":19},"end":{"line":53,"column":null}},{"start":{},"end":{}}],"line":40},"5":{"loc":{"start":{"line":42,"column":12},"end":{"line":53,"column":null}},"type":"if","locations":[{"start":{"line":42,"column":12},"end":{"line":53,"column":null}},{"start":{"line":45,"column":23},"end":{"line":53,"column":null}}],"line":42},"6":{"loc":{"start":{"line":44,"column":35},"end":{"line":44,"column":84}},"type":"cond-expr","locations":[{"start":{"line":44,"column":56},"end":{"line":44,"column":70}},{"start":{"line":44,"column":70},"end":{"line":44,"column":84}}],"line":44},"7":{"loc":{"start":{"line":45,"column":23},"end":{"line":53,"column":null}},"type":"if","locations":[{"start":{"line":45,"column":23},"end":{"line":53,"column":null}},{"start":{"line":47,"column":23},"end":{"line":53,"column":null}}],"line":45},"8":{"loc":{"start":{"line":47,"column":23},"end":{"line":53,"column":null}},"type":"if","locations":[{"start":{"line":47,"column":23},"end":{"line":53,"column":null}},{"start":{"line":49,"column":23},"end":{"line":53,"column":null}}],"line":47},"9":{"loc":{"start":{"line":49,"column":23},"end":{"line":53,"column":null}},"type":"if","locations":[{"start":{"line":49,"column":23},"end":{"line":53,"column":null}},{"start":{"line":51,"column":19},"end":{"line":53,"column":null}}],"line":49},"10":{"loc":{"start":{"line":62,"column":8},"end":{"line":64,"column":null}},"type":"if","locations":[{"start":{"line":62,"column":8},"end":{"line":64,"column":null}},{"start":{},"end":{}}],"line":62},"11":{"loc":{"start":{"line":66,"column":8},"end":{"line":68,"column":null}},"type":"if","locations":[{"start":{"line":66,"column":8},"end":{"line":68,"column":null}},{"start":{},"end":{}}],"line":66},"12":{"loc":{"start":{"line":66,"column":12},"end":{"line":66,"column":90}},"type":"binary-expr","locations":[{"start":{"line":66,"column":12},"end":{"line":66,"column":50}},{"start":{"line":66,"column":50},"end":{"line":66,"column":90}}],"line":66},"13":{"loc":{"start":{"line":111,"column":102},"end":{"line":111,"column":null}},"type":"cond-expr","locations":[{"start":{"line":111,"column":131},"end":{"line":111,"column":163}},{"start":{"line":111,"column":163},"end":{"line":111,"column":null}}],"line":111},"14":{"loc":{"start":{"line":117,"column":102},"end":{"line":117,"column":null}},"type":"cond-expr","locations":[{"start":{"line":117,"column":129},"end":{"line":117,"column":161}},{"start":{"line":117,"column":161},"end":{"line":117,"column":null}}],"line":117},"15":{"loc":{"start":{"line":124,"column":21},"end":{"line":218,"column":null}},"type":"binary-expr","locations":[{"start":{"line":124,"column":21},"end":{"line":124,"column":null}},{"start":{"line":125,"column":24},"end":{"line":218,"column":null}}],"line":124},"16":{"loc":{"start":{"line":171,"column":33},"end":{"line":182,"column":null}},"type":"binary-expr","locations":[{"start":{"line":171,"column":33},"end":{"line":171,"column":null}},{"start":{"line":172,"column":36},"end":{"line":182,"column":null}}],"line":171},"17":{"loc":{"start":{"line":221,"column":21},"end":{"line":294,"column":null}},"type":"binary-expr","locations":[{"start":{"line":221,"column":21},"end":{"line":221,"column":null}},{"start":{"line":222,"column":24},"end":{"line":294,"column":null}}],"line":221},"18":{"loc":{"start":{"line":237,"column":30},"end":{"line":247,"column":null}},"type":"binary-expr","locations":[{"start":{"line":237,"column":30},"end":{"line":237,"column":null}},{"start":{"line":238,"column":32},"end":{"line":247,"column":null}}],"line":237},"19":{"loc":{"start":{"line":318,"column":19},"end":{"line":320,"column":null}},"type":"cond-expr","locations":[{"start":{"line":319,"column":14},"end":{"line":319,"column":null}},{"start":{"line":320,"column":14},"end":{"line":320,"column":null}}],"line":318},"20":{"loc":{"start":{"line":321,"column":15},"end":{"line":321,"column":null}},"type":"cond-expr","locations":[{"start":{"line":321,"column":53},"end":{"line":321,"column":88}},{"start":{"line":321,"column":88},"end":{"line":321,"column":null}}],"line":321},"21":{"loc":{"start":{"line":321,"column":53},"end":{"line":321,"column":88}},"type":"cond-expr","locations":[{"start":{"line":321,"column":69},"end":{"line":321,"column":78}},{"start":{"line":321,"column":78},"end":{"line":321,"column":88}}],"line":321},"22":{"loc":{"start":{"line":322,"column":16},"end":{"line":322,"column":null}},"type":"cond-expr","locations":[{"start":{"line":322,"column":55},"end":{"line":322,"column":90}},{"start":{"line":322,"column":90},"end":{"line":322,"column":null}}],"line":322},"23":{"loc":{"start":{"line":322,"column":55},"end":{"line":322,"column":90}},"type":"cond-expr","locations":[{"start":{"line":322,"column":71},"end":{"line":322,"column":80}},{"start":{"line":322,"column":80},"end":{"line":322,"column":90}}],"line":322},"24":{"loc":{"start":{"line":333,"column":4},"end":{"line":335,"column":null}},"type":"if","locations":[{"start":{"line":333,"column":4},"end":{"line":335,"column":null}},{"start":{},"end":{}}],"line":333},"25":{"loc":{"start":{"line":343,"column":14},"end":{"line":343,"column":null}},"type":"cond-expr","locations":[{"start":{"line":343,"column":30},"end":{"line":343,"column":39}},{"start":{"line":343,"column":39},"end":{"line":343,"column":null}}],"line":343}},"s":{"0":38,"1":38,"2":38,"3":38,"4":8,"5":38,"6":17,"7":17,"8":11,"9":5,"10":6,"11":1,"12":5,"13":1,"14":4,"15":6,"16":6,"17":2,"18":4,"19":1,"20":3,"21":0,"22":3,"23":1,"24":2,"25":17,"26":38,"27":4,"28":1,"29":1,"30":3,"31":0,"32":0,"33":3,"34":3,"35":3,"36":38,"37":1,"38":1,"39":1,"40":38,"41":38,"42":38,"43":0,"44":1,"45":0,"46":2,"47":0,"48":1,"49":1,"50":1,"51":1,"52":2,"53":1,"54":1,"55":1,"56":1,"57":1,"58":1,"59":1,"60":1,"61":1,"62":37,"63":37,"64":2,"65":2,"66":37},"f":{"0":38,"1":8,"2":17,"3":4,"4":1,"5":0,"6":1,"7":0,"8":2,"9":0,"10":1,"11":1,"12":1,"13":1,"14":2,"15":1,"16":1,"17":1,"18":1,"19":1,"20":1,"21":1,"22":1,"23":1,"24":37},"b":{"0":[11,6],"1":[5,6],"2":[1,5],"3":[1,4],"4":[6,0],"5":[2,4],"6":[1,1],"7":[1,3],"8":[0,3],"9":[1,2],"10":[1,3],"11":[0,3],"12":[3,3],"13":[30,8],"14":[8,30],"15":[38,30],"16":[30,9],"17":[38,8],"18":[8,7],"19":[9,28],"20":[30,7],"21":[28,2],"22":[31,6],"23":[29,2],"24":[2,35],"25":[35,2]},"meta":{"lastBranch":26,"lastFunction":25,"lastStatement":67,"seen":{"f:16:16:16:32":0,"s:17:37:17:73":0,"s:18:19:18:77":1,"s:19:22:19:87":2,"s:21:4:23:Infinity":3,"f:21:4:21:20":1,"s:22:8:22:Infinity":4,"s:25:10:57:Infinity":5,"f:25:10:25:26":2,"s:26:14:26:43":6,"b:27:8:53:Infinity:40:19:53:Infinity":0,"s:27:8:53:Infinity":7,"b:29:12:38:Infinity:32:23:38:Infinity":1,"s:29:12:38:Infinity":8,"s:31:16:31:Infinity":9,"b:32:23:38:Infinity:34:23:38:Infinity":2,"s:32:23:38:Infinity":10,"s:33:16:33:Infinity":11,"b:34:23:38:Infinity:36:19:38:Infinity":3,"s:34:23:38:Infinity":12,"s:35:16:35:Infinity":13,"s:38:16:38:Infinity":14,"b:40:19:53:Infinity:undefined:undefined:undefined:undefined":4,"s:40:19:53:Infinity":15,"b:42:12:53:Infinity:45:23:53:Infinity":5,"s:42:12:53:Infinity":16,"s:44:16:44:Infinity":17,"b:44:56:44:70:44:70:44:84":6,"b:45:23:53:Infinity:47:23:53:Infinity":7,"s:45:23:53:Infinity":18,"s:46:16:46:Infinity":19,"b:47:23:53:Infinity:49:23:53:Infinity":8,"s:47:23:53:Infinity":20,"s:48:16:48:Infinity":21,"b:49:23:53:Infinity:51:19:53:Infinity":9,"s:49:23:53:Infinity":22,"s:50:16:50:Infinity":23,"s:53:16:53:Infinity":24,"s:57:8:57:Infinity":25,"s:60:10:73:Infinity":26,"f:60:10:60:29":3,"b:62:8:64:Infinity:undefined:undefined:undefined:undefined":10,"s:62:8:64:Infinity":27,"s:63:12:63:Infinity":28,"s:64:12:64:Infinity":29,"b:66:8:68:Infinity:undefined:undefined:undefined:undefined":11,"s:66:8:68:Infinity":30,"b:66:12:66:50:66:50:66:90":12,"s:67:12:67:Infinity":31,"s:68:12:68:Infinity":32,"s:71:8:71:Infinity":33,"s:72:8:72:Infinity":34,"s:73:8:73:Infinity":35,"s:76:10:79:Infinity":36,"f:76:10:76:30":4,"s:77:8:77:Infinity":37,"s:78:8:78:Infinity":38,"s:79:8:79:Infinity":39,"s:82:23:82:Infinity":40,"s:83:23:83:Infinity":41,"s:85:4:309:Infinity":42,"b:111:131:111:163:111:163:111:Infinity":13,"f:112:28:112:43":5,"s:112:43:112:69":43,"b:117:129:117:161:117:161:117:Infinity":14,"f:118:28:118:43":6,"s:118:43:118:67":44,"b:124:21:124:Infinity:125:24:218:Infinity":15,"f:133:44:133:55":7,"s:133:61:133:117":45,"f:140:44:140:55":8,"s:140:61:140:117":46,"f:153:40:153:51":9,"s:153:57:153:123":47,"f:166:40:166:51":10,"s:166:57:166:118":48,"b:171:33:171:Infinity:172:36:182:Infinity":16,"f:178:44:178:55":11,"s:178:61:178:130":49,"f:191:40:191:51":12,"s:191:57:191:108":50,"f:201:40:201:51":13,"s:201:57:201:109":51,"f:212:133:212:144":14,"s:212:150:212:199":52,"f:213:135:213:146":15,"s:213:152:213:203":53,"f:214:136:214:147":16,"s:214:153:214:205":54,"f:215:134:215:145":17,"s:215:151:215:201":55,"b:221:21:221:Infinity:222:24:294:Infinity":17,"f:228:36:228:47":18,"s:228:53:228:110":56,"b:237:30:237:Infinity:238:32:247:Infinity":18,"f:243:40:243:51":19,"s:243:57:243:109":57,"f:256:40:256:51":20,"s:256:57:256:111":58,"f:263:40:263:51":21,"s:263:57:263:117":59,"f:278:36:278:47":22,"s:278:53:278:104":60,"f:290:36:290:47":23,"s:290:53:290:110":61,"f:314:9:314:24":24,"s:315:39:331:Infinity":62,"b:319:14:319:Infinity:320:14:320:Infinity":19,"b:321:53:321:88:321:88:321:Infinity":20,"b:321:69:321:78:321:78:321:88":21,"b:322:55:322:90:322:90:322:Infinity":22,"b:322:71:322:80:322:80:322:90":23,"b:333:4:335:Infinity:undefined:undefined:undefined:undefined":24,"s:333:4:335:Infinity":63,"s:334:8:334:Infinity":64,"s:335:8:335:Infinity":65,"s:338:4:344:Infinity":66,"b:343:30:343:39:343:39:343:Infinity":25}}}
,"D:\\Code\\KY\\frontend\\src\\components\\settings\\UiSettings.tsx": {"path":"D:\\Code\\KY\\frontend\\src\\components\\settings\\UiSettings.tsx","statementMap":{"0":{"start":{"line":7,"column":22},"end":{"line":7,"column":71}},"1":{"start":{"line":9,"column":4},"end":{"line":52,"column":null}},"2":{"start":{"line":20,"column":39},"end":{"line":20,"column":59}},"3":{"start":{"line":26,"column":39},"end":{"line":26,"column":59}}},"fnMap":{"0":{"name":"UiSettings","decl":{"start":{"line":6,"column":16},"end":{"line":6,"column":29}},"loc":{"start":{"line":6,"column":29},"end":{"line":52,"column":null}},"line":6},"1":{"name":"(anonymous_1)","decl":{"start":{"line":20,"column":24},"end":{"line":20,"column":39}},"loc":{"start":{"line":20,"column":39},"end":{"line":20,"column":59}},"line":20},"2":{"name":"(anonymous_2)","decl":{"start":{"line":26,"column":24},"end":{"line":26,"column":39}},"loc":{"start":{"line":26,"column":39},"end":{"line":26,"column":59}},"line":26}},"branchMap":{"0":{"loc":{"start":{"line":19,"column":137},"end":{"line":19,"column":null}},"type":"cond-expr","locations":[{"start":{"line":19,"column":160},"end":{"line":19,"column":192}},{"start":{"line":19,"column":192},"end":{"line":19,"column":null}}],"line":19},"1":{"loc":{"start":{"line":25,"column":137},"end":{"line":25,"column":null}},"type":"cond-expr","locations":[{"start":{"line":25,"column":160},"end":{"line":25,"column":192}},{"start":{"line":25,"column":192},"end":{"line":25,"column":null}}],"line":25},"2":{"loc":{"start":{"line":32,"column":17},"end":{"line":39,"column":null}},"type":"binary-expr","locations":[{"start":{"line":32,"column":17},"end":{"line":32,"column":null}},{"start":{"line":33,"column":20},"end":{"line":39,"column":null}}],"line":32},"3":{"loc":{"start":{"line":42,"column":17},"end":{"line":47,"column":null}},"type":"binary-expr","locations":[{"start":{"line":42,"column":17},"end":{"line":42,"column":null}},{"start":{"line":43,"column":20},"end":{"line":47,"column":null}}],"line":42}},"s":{"0":6,"1":6,"2":1,"3":2},"f":{"0":6,"1":1,"2":2},"b":{"0":[4,2],"1":[2,4],"2":[6,4],"3":[6,2]},"meta":{"lastBranch":4,"lastFunction":3,"lastStatement":4,"seen":{"f:6:16:6:29":0,"s:7:22:7:71":0,"s:9:4:52:Infinity":1,"b:19:160:19:192:19:192:19:Infinity":0,"f:20:24:20:39":1,"s:20:39:20:59":2,"b:25:160:25:192:25:192:25:Infinity":1,"f:26:24:26:39":2,"s:26:39:26:59":3,"b:32:17:32:Infinity:33:20:39:Infinity":2,"b:42:17:42:Infinity:43:20:47:Infinity":3}}}
,"D:\\Code\\KY\\frontend\\src\\hooks\\useThemeEffect.ts": {"path":"D:\\Code\\KY\\frontend\\src\\hooks\\useThemeEffect.ts","statementMap":{"0":{"start":{"line":4,"column":13},"end":{"line":26,"column":null}},"1":{"start":{"line":5,"column":8},"end":{"line":5,"column":53}},"2":{"start":{"line":5,"column":41},"end":{"line":5,"column":53}},"3":{"start":{"line":7,"column":2},"end":{"line":26,"column":null}},"4":{"start":{"line":8,"column":17},"end":{"line":8,"column":null}},"5":{"start":{"line":9,"column":4},"end":{"line":9,"column":null}},"6":{"start":{"line":11,"column":4},"end":{"line":24,"column":null}},"7":{"start":{"line":12,"column":25},"end":{"line":12,"column":74}},"8":{"start":{"line":13,"column":12},"end":{"line":15,"column":null}},"9":{"start":{"line":14,"column":8},"end":{"line":14,"column":null}},"10":{"start":{"line":15,"column":8},"end":{"line":15,"column":null}},"11":{"start":{"line":18,"column":6},"end":{"line":18,"column":null}},"12":{"start":{"line":20,"column":12},"end":{"line":20,"column":72}},"13":{"start":{"line":20,"column":50},"end":{"line":20,"column":72}},"14":{"start":{"line":21,"column":6},"end":{"line":21,"column":null}},"15":{"start":{"line":22,"column":6},"end":{"line":22,"column":null}},"16":{"start":{"line":22,"column":19},"end":{"line":22,"column":68}},"17":{"start":{"line":24,"column":6},"end":{"line":24,"column":null}}},"fnMap":{"0":{"name":"(anonymous_0)","decl":{"start":{"line":4,"column":13},"end":{"line":4,"column":36}},"loc":{"start":{"line":4,"column":36},"end":{"line":26,"column":null}},"line":4},"1":{"name":"(anonymous_1)","decl":{"start":{"line":5,"column":16},"end":{"line":5,"column":31}},"loc":{"start":{"line":5,"column":41},"end":{"line":5,"column":53}},"line":5},"2":{"name":"(anonymous_2)","decl":{"start":{"line":7,"column":2},"end":{"line":7,"column":18}},"loc":{"start":{"line":7,"column":18},"end":{"line":26,"column":6}},"line":7},"3":{"name":"(anonymous_3)","decl":{"start":{"line":13,"column":12},"end":{"line":13,"column":27}},"loc":{"start":{"line":13,"column":48},"end":{"line":15,"column":null}},"line":13},"4":{"name":"(anonymous_4)","decl":{"start":{"line":20,"column":12},"end":{"line":20,"column":23}},"loc":{"start":{"line":20,"column":50},"end":{"line":20,"column":72}},"line":20},"5":{"name":"(anonymous_5)","decl":{"start":{"line":22,"column":6},"end":{"line":22,"column":19}},"loc":{"start":{"line":22,"column":19},"end":{"line":22,"column":68}},"line":22}},"branchMap":{"0":{"loc":{"start":{"line":11,"column":4},"end":{"line":24,"column":null}},"type":"if","locations":[{"start":{"line":11,"column":4},"end":{"line":24,"column":null}},{"start":{"line":23,"column":11},"end":{"line":24,"column":null}}],"line":11},"1":{"loc":{"start":{"line":15,"column":27},"end":{"line":15,"column":54}},"type":"cond-expr","locations":[{"start":{"line":15,"column":37},"end":{"line":15,"column":46}},{"start":{"line":15,"column":46},"end":{"line":15,"column":54}}],"line":15}},"s":{"0":1,"1":4,"2":12,"3":4,"4":4,"5":4,"6":4,"7":2,"8":2,"9":2,"10":2,"11":2,"12":2,"13":0,"14":2,"15":2,"16":2,"17":2},"f":{"0":4,"1":12,"2":4,"3":2,"4":0,"5":2},"b":{"0":[2,2],"1":[1,1]},"meta":{"lastBranch":2,"lastFunction":6,"lastStatement":18,"seen":{"s:4:13:26:Infinity":0,"f:4:13:4:36":0,"s:5:8:5:53":1,"f:5:16:5:31":1,"s:5:41:5:53":2,"s:7:2:26:Infinity":3,"f:7:2:7:18":2,"s:8:17:8:Infinity":4,"s:9:4:9:Infinity":5,"b:11:4:24:Infinity:23:11:24:Infinity":0,"s:11:4:24:Infinity":6,"s:12:25:12:74":7,"s:13:12:15:Infinity":8,"f:13:12:13:27":3,"s:14:8:14:Infinity":9,"s:15:8:15:Infinity":10,"b:15:37:15:46:15:46:15:54":1,"s:18:6:18:Infinity":11,"s:20:12:20:72":12,"f:20:12:20:23":4,"s:20:50:20:72":13,"s:21:6:21:Infinity":14,"s:22:6:22:Infinity":15,"f:22:6:22:19":5,"s:22:19:22:68":16,"s:24:6:24:Infinity":17}}}
,"D:\\Code\\KY\\frontend\\src\\lib\\utils.ts": {"path":"D:\\Code\\KY\\frontend\\src\\lib\\utils.ts","statementMap":{"0":{"start":{"line":5,"column":2},"end":{"line":5,"column":null}}},"fnMap":{"0":{"name":"cn","decl":{"start":{"line":4,"column":16},"end":{"line":4,"column":19}},"loc":{"start":{"line":4,"column":44},"end":{"line":5,"column":null}},"line":4}},"branchMap":{},"s":{"0":15},"f":{"0":15},"b":{},"meta":{"lastBranch":0,"lastFunction":1,"lastStatement":1,"seen":{"f:4:16:4:19":0,"s:5:2:5:Infinity":0}}}
,"D:\\Code\\KY\\frontend\\src\\store\\chat-settings-store.ts": {"path":"D:\\Code\\KY\\frontend\\src\\store\\chat-settings-store.ts","statementMap":{"0":{"start":{"line":11,"column":13},"end":{"line":22,"column":null}},"1":{"start":{"line":13,"column":14},"end":{"line":18,"column":null}},"2":{"start":{"line":16,"column":39},"end":{"line":16,"column":72}},"3":{"start":{"line":17,"column":38},"end":{"line":17,"column":null}}},"fnMap":{"0":{"name":"(anonymous_0)","decl":{"start":{"line":12,"column":2},"end":{"line":12,"column":null}},"loc":{"start":{"line":13,"column":14},"end":{"line":18,"column":null}},"line":13},"1":{"name":"(anonymous_1)","decl":{"start":{"line":16,"column":6},"end":{"line":16,"column":32}},"loc":{"start":{"line":16,"column":39},"end":{"line":16,"column":72}},"line":16},"2":{"name":"(anonymous_2)","decl":{"start":{"line":17,"column":6},"end":{"line":17,"column":31}},"loc":{"start":{"line":17,"column":38},"end":{"line":17,"column":null}},"line":17}},"branchMap":{},"s":{"0":1,"1":1,"2":0,"3":0},"f":{"0":1,"1":0,"2":0},"b":{},"meta":{"lastBranch":0,"lastFunction":3,"lastStatement":4,"seen":{"s:11:13:22:Infinity":0,"f:12:2:12:Infinity":0,"s:13:14:18:Infinity":1,"f:16:6:16:32":1,"s:16:39:16:72":2,"f:17:6:17:31":2,"s:17:38:17:Infinity":3}}}
,"D:\\Code\\KY\\frontend\\src\\store\\theme-store.ts": {"path":"D:\\Code\\KY\\frontend\\src\\store\\theme-store.ts","statementMap":{"0":{"start":{"line":11,"column":13},"end":{"line":20,"column":null}},"1":{"start":{"line":13,"column":14},"end":{"line":16,"column":null}},"2":{"start":{"line":15,"column":27},"end":{"line":15,"column":null}}},"fnMap":{"0":{"name":"(anonymous_0)","decl":{"start":{"line":12,"column":2},"end":{"line":12,"column":null}},"loc":{"start":{"line":13,"column":14},"end":{"line":16,"column":null}},"line":13},"1":{"name":"(anonymous_1)","decl":{"start":{"line":15,"column":6},"end":{"line":15,"column":17}},"loc":{"start":{"line":15,"column":27},"end":{"line":15,"column":null}},"line":15}},"branchMap":{},"s":{"0":3,"1":3,"2":5},"f":{"0":3,"1":5},"b":{},"meta":{"lastBranch":0,"lastFunction":2,"lastStatement":3,"seen":{"s:11:13:20:Infinity":0,"f:12:2:12:Infinity":0,"s:13:14:16:Infinity":1,"f:15:6:15:17":1,"s:15:27:15:Infinity":2}}}
,"D:\\Code\\KY\\frontend\\src\\store\\ui-settings-store.ts": {"path":"D:\\Code\\KY\\frontend\\src\\store\\ui-settings-store.ts","statementMap":{"0":{"start":{"line":14,"column":13},"end":{"line":71,"column":null}},"1":{"start":{"line":16,"column":19},"end":{"line":42,"column":null}},"2":{"start":{"line":19,"column":8},"end":{"line":19,"column":null}},"3":{"start":{"line":22,"column":8},"end":{"line":32,"column":null}},"4":{"start":{"line":23,"column":26},"end":{"line":23,"column":null}},"5":{"start":{"line":25,"column":25},"end":{"line":25,"column":56}},"6":{"start":{"line":26,"column":10},"end":{"line":31,"column":null}},"7":{"start":{"line":35,"column":8},"end":{"line":38,"column":null}},"8":{"start":{"line":36,"column":39},"end":{"line":36,"column":null}},"9":{"start":{"line":37,"column":10},"end":{"line":37,"column":null}},"10":{"start":{"line":40,"column":8},"end":{"line":40,"column":null}},"11":{"start":{"line":51,"column":40},"end":{"line":66,"column":9}},"12":{"start":{"line":62,"column":11},"end":{"line":62,"column":null}},"13":{"start":{"line":64,"column":34},"end":{"line":64,"column":67}},"14":{"start":{"line":65,"column":30},"end":{"line":65,"column":null}},"15":{"start":{"line":67,"column":6},"end":{"line":67,"column":null}},"16":{"start":{"line":75,"column":13},"end":{"line":76,"column":null}},"17":{"start":{"line":76,"column":4},"end":{"line":76,"column":null}},"18":{"start":{"line":80,"column":23},"end":{"line":80,"column":null}},"19":{"start":{"line":81,"column":0},"end":{"line":88,"column":null}},"20":{"start":{"line":83,"column":8},"end":{"line":83,"column":null}},"21":{"start":{"line":85,"column":27},"end":{"line":85,"column":70}},"22":{"start":{"line":86,"column":8},"end":{"line":86,"column":null}}},"fnMap":{"0":{"name":"(anonymous_0)","decl":{"start":{"line":15,"column":2},"end":{"line":15,"column":null}},"loc":{"start":{"line":16,"column":19},"end":{"line":42,"column":null}},"line":16},"1":{"name":"(anonymous_1)","decl":{"start":{"line":18,"column":6},"end":{"line":18,"column":18}},"loc":{"start":{"line":18,"column":25},"end":{"line":19,"column":null}},"line":18},"2":{"name":"(anonymous_2)","decl":{"start":{"line":21,"column":6},"end":{"line":21,"column":21}},"loc":{"start":{"line":21,"column":39},"end":{"line":32,"column":null}},"line":21},"3":{"name":"(anonymous_3)","decl":{"start":{"line":22,"column":8},"end":{"line":22,"column":13}},"loc":{"start":{"line":22,"column":23},"end":{"line":32,"column":null}},"line":22},"4":{"name":"(anonymous_4)","decl":{"start":{"line":34,"column":6},"end":{"line":34,"column":20}},"loc":{"start":{"line":34,"column":27},"end":{"line":40,"column":null}},"line":34},"5":{"name":"(anonymous_5)","decl":{"start":{"line":35,"column":8},"end":{"line":35,"column":13}},"loc":{"start":{"line":35,"column":23},"end":{"line":38,"column":null}},"line":35},"6":{"name":"(anonymous_6)","decl":{"start":{"line":51,"column":15},"end":{"line":51,"column":40}},"loc":{"start":{"line":51,"column":40},"end":{"line":66,"column":9}},"line":51},"7":{"name":"(anonymous_7)","decl":{"start":{"line":52,"column":8},"end":{"line":52,"column":18}},"loc":{"start":{"line":52,"column":27},"end":{"line":62,"column":null}},"line":52},"8":{"name":"(anonymous_8)","decl":{"start":{"line":64,"column":8},"end":{"line":64,"column":18}},"loc":{"start":{"line":64,"column":34},"end":{"line":64,"column":67}},"line":64},"9":{"name":"(anonymous_9)","decl":{"start":{"line":65,"column":8},"end":{"line":65,"column":21}},"loc":{"start":{"line":65,"column":30},"end":{"line":65,"column":null}},"line":65},"10":{"name":"(anonymous_10)","decl":{"start":{"line":67,"column":6},"end":{"line":67,"column":33}},"loc":{"start":{"line":67,"column":6},"end":{"line":67,"column":null}},"line":67},"11":{"name":"(anonymous_11)","decl":{"start":{"line":75,"column":13},"end":{"line":75,"column":37}},"loc":{"start":{"line":75,"column":75},"end":{"line":76,"column":null}},"line":75},"12":{"name":"(anonymous_12)","decl":{"start":{"line":82,"column":4},"end":{"line":82,"column":19}},"loc":{"start":{"line":82,"column":34},"end":{"line":88,"column":2}},"line":82}},"branchMap":{"0":{"loc":{"start":{"line":19,"column":15},"end":{"line":19,"column":null}},"type":"binary-expr","locations":[{"start":{"line":19,"column":15},"end":{"line":19,"column":36}},{"start":{"line":19,"column":36},"end":{"line":19,"column":null}}],"line":19},"1":{"loc":{"start":{"line":23,"column":26},"end":{"line":23,"column":null}},"type":"binary-expr","locations":[{"start":{"line":23,"column":26},"end":{"line":23,"column":47}},{"start":{"line":23,"column":47},"end":{"line":23,"column":null}}],"line":23}},"s":{"0":3,"1":3,"2":79,"3":8,"4":8,"5":8,"6":8,"7":2,"8":2,"9":2,"10":2,"11":3,"12":3,"13":39,"14":0,"15":3,"16":3,"17":12,"18":3,"19":3,"20":8,"21":8,"22":8},"f":{"0":3,"1":79,"2":8,"3":8,"4":2,"5":2,"6":3,"7":3,"8":39,"9":0,"10":6,"11":12,"12":8},"b":{"0":[79,49],"1":[8,8]},"meta":{"lastBranch":2,"lastFunction":13,"lastStatement":23,"seen":{"s:14:13:71:Infinity":0,"f:15:2:15:Infinity":0,"s:16:19:42:Infinity":1,"f:18:6:18:18":1,"s:19:8:19:Infinity":2,"b:19:15:19:36:19:36:19:Infinity":0,"f:21:6:21:21":2,"s:22:8:32:Infinity":3,"f:22:8:22:13":3,"s:23:26:23:Infinity":4,"b:23:26:23:47:23:47:23:Infinity":1,"s:25:25:25:56":5,"s:26:10:31:Infinity":6,"f:34:6:34:20":4,"s:35:8:38:Infinity":7,"f:35:8:35:13":5,"s:36:39:36:Infinity":8,"s:37:10:37:Infinity":9,"s:40:8:40:Infinity":10,"f:51:15:51:40":6,"s:51:40:66:9":11,"f:52:8:52:18":7,"s:62:11:62:Infinity":12,"f:64:8:64:18":8,"s:64:34:64:67":13,"f:65:8:65:21":9,"s:65:30:65:Infinity":14,"f:67:6:67:33":10,"s:67:6:67:Infinity":15,"s:75:13:76:Infinity":16,"f:75:13:75:37":11,"s:76:4:76:Infinity":17,"s:80:23:80:Infinity":18,"s:81:0:88:Infinity":19,"f:82:4:82:19":12,"s:83:8:83:Infinity":20,"s:85:27:85:70":21,"s:86:8:86:Infinity":22}}}
,"D:\\Code\\KY\\frontend\\src\\types\\settings.ts": {"path":"D:\\Code\\KY\\frontend\\src\\types\\settings.ts","statementMap":{"0":{"start":{"line":43,"column":45},"end":{"line":59,"column":null}}},"fnMap":{},"branchMap":{},"s":{"0":3},"f":{},"b":{},"meta":{"lastBranch":0,"lastFunction":0,"lastStatement":1,"seen":{"s:43:45:59:Infinity":0}}}
}
